This file contains any messages produced by compilers while
running configure, to aid debugging if configure makes a mistake.

It was created by SuperTux configure 0.1.3, which was
generated by GNU Autoconf 2.59.  Invocation command line was

  $ ./configure --disable-opengl --disable-sdltest --prefix=/home/emscripten

## --------- ##
## Platform. ##
## --------- ##

hostname = iLaptop
uname -m = i686
uname -r = 2.6.35-31-generic
uname -s = Linux
uname -v = #62-Ubuntu SMP Tue Nov 8 14:00:30 UTC 2011

/usr/bin/uname -p = unknown
/bin/uname -X     = unknown

/bin/arch              = unknown
/usr/bin/arch -k       = unknown
/usr/convex/getsysinfo = unknown
hostinfo               = unknown
/bin/machine           = unknown
/usr/bin/oslevel       = unknown
/bin/universe          = unknown

PATH: /home/xingxingpan/software/git-1.7.11.1/install-git/bin
PATH: /home/xingxingpan/software/sun-jdk/jdk1.6.0_29/bin
PATH: /home/xingxingpan/software/sun-jdk/jdk1.6.0_29/jre/bin
PATH: /usr/local/texlive/2011/bin/i386-linux
PATH: /usr/local/sbin
PATH: /usr/local/bin
PATH: /usr/sbin
PATH: /usr/bin
PATH: /sbin
PATH: /bin
PATH: /usr/games
PATH: /home/panxingxing/UC4/bin
PATH: /home/xingxingpan/work/android-sdks/tools
PATH: /home/xingxingpan/work/android-sdks/platform-tools
PATH: /home/xingxingpan/work/llvm/install-llvm/bin
PATH: /home/xingxingpan/work/emscripten/latest/emscripten
PATH: /home/xingxingpan/work/emscripten/install-node/bin
PATH: /home/xingxingpan/work/crosstools/crosstool-ng-1.15.1


## ----------- ##
## Core tests. ##
## ----------- ##

configure:1374: checking build system type
configure:1392: result: i686-pc-linux-gnu
configure:1400: checking host system type
configure:1414: result: i686-pc-linux-gnu
configure:1422: checking target system type
configure:1436: result: i686-pc-linux-gnu
configure:1464: checking for a BSD-compatible install
configure:1519: result: /usr/bin/install -c
configure:1530: checking whether build environment is sane
configure:1573: result: yes
configure:1606: checking for gawk
configure:1622: found /usr/bin/gawk
configure:1632: result: gawk
configure:1642: checking whether make sets $(MAKE)
configure:1662: result: yes
configure:1875: checking for gcc
configure:1901: result: /home/xingxingpan/work/emscripten/latest/emscripten/emcc
configure:2145: checking for C compiler version
configure:2148: /home/xingxingpan/work/emscripten/latest/emscripten/emcc --version </dev/null >&5
emcc (Emscripten GCC-like replacement) 2.0
Copyright (C) 2012 the Emscripten authors.
This is free and open source software under the MIT license.
There is NO warranty; not even for MERCHANTABILITY or FITNESS FOR A PARTICULAR PURPOSE.
  
configure:2151: $? = 0
configure:2153: /home/xingxingpan/work/emscripten/latest/emscripten/emcc -v </dev/null >&5
clang version 3.0 (tags/RELEASE_30/final)
Target: i386-pc-linux-gnu
Thread model: posix
emcc (Emscripten GCC-like replacement) 2.0
configure:2156: $? = 0
configure:2158: /home/xingxingpan/work/emscripten/latest/emscripten/emcc -V </dev/null >&5
clang: error: argument to '-V' is missing (expected 1 value)
clang: error: no input files
configure:2161: $? = 1
configure:2184: checking for C compiler default output file name
configure:2187: /home/xingxingpan/work/emscripten/latest/emscripten/emcc    conftest.c  >&5
clang: warning: argument unused during compilation: '-nostdinc++'
configure:2190: $? = 0
configure:2236: result: a.out
configure:2241: checking whether the C compiler works
configure:2247: ./a.out
configure:2250: $? = 0
configure:2267: result: yes
configure:2274: checking whether we are cross compiling
configure:2276: result: no
configure:2279: checking for suffix of executables
configure:2281: /home/xingxingpan/work/emscripten/latest/emscripten/emcc -o conftest    conftest.c  >&5
clang: warning: argument unused during compilation: '-nostdinc++'
configure:2284: $? = 0
configure:2309: result: 
configure:2315: checking for suffix of object files
configure:2336: /home/xingxingpan/work/emscripten/latest/emscripten/emcc -c   conftest.c >&5
clang: warning: argument unused during compilation: '-nostdinc++'
configure:2339: $? = 0
configure:2361: result: o
configure:2365: checking whether we are using the GNU C compiler
configure:2389: /home/xingxingpan/work/emscripten/latest/emscripten/emcc -c   conftest.c >&5
clang: warning: argument unused during compilation: '-nostdinc++'
configure:2395: $? = 0
configure:2398: test -z 			 || test ! -s conftest.err
configure:2401: $? = 0
configure:2404: test -s conftest.o
configure:2407: $? = 0
configure:2420: result: yes
configure:2426: checking whether /home/xingxingpan/work/emscripten/latest/emscripten/emcc accepts -g
configure:2447: /home/xingxingpan/work/emscripten/latest/emscripten/emcc -c -g  conftest.c >&5
clang: warning: argument unused during compilation: '-nostdinc++'
configure:2453: $? = 0
configure:2456: test -z 			 || test ! -s conftest.err
configure:2459: $? = 0
configure:2462: test -s conftest.o
configure:2465: $? = 0
configure:2476: result: yes
configure:2493: checking for /home/xingxingpan/work/emscripten/latest/emscripten/emcc option to accept ANSI C
configure:2563: /home/xingxingpan/work/emscripten/latest/emscripten/emcc  -c   conftest.c >&5
clang: warning: argument unused during compilation: '-nostdinc++'
configure:2569: $? = 0
configure:2572: test -z 			 || test ! -s conftest.err
configure:2575: $? = 0
configure:2578: test -s conftest.o
configure:2581: $? = 0
configure:2599: result: none needed
configure:2617: /home/xingxingpan/work/emscripten/latest/emscripten/emcc -c   conftest.c >&5
clang: warning: argument unused during compilation: '-nostdinc++'
conftest.c:2:3: error: unknown type name 'choke'
  choke me
  ^
conftest.c:2:11: error: expected ';' after top level declarator
  choke me
          ^
          ;
2 errors generated.
configure:2623: $? = 1
configure: failed program was:
| #ifndef __cplusplus
|   choke me
| #endif
configure:2764: checking for style of include used by make
configure:2792: result: GNU
configure:2820: checking dependency style of /home/xingxingpan/work/emscripten/latest/emscripten/emcc
configure:2903: result: gcc3
configure:3014: checking for C++ compiler version
configure:3017: /home/xingxingpan/work/emscripten/latest/emscripten/em++ --version </dev/null >&5
emcc (Emscripten GCC-like replacement) 2.0
Copyright (C) 2012 the Emscripten authors.
This is free and open source software under the MIT license.
There is NO warranty; not even for MERCHANTABILITY or FITNESS FOR A PARTICULAR PURPOSE.
  
configure:3020: $? = 0
configure:3022: /home/xingxingpan/work/emscripten/latest/emscripten/em++ -v </dev/null >&5
clang version 3.0 (tags/RELEASE_30/final)
Target: i386-pc-linux-gnu
Thread model: posix
emcc (Emscripten GCC-like replacement) 2.0
configure:3025: $? = 0
configure:3027: /home/xingxingpan/work/emscripten/latest/emscripten/em++ -V </dev/null >&5
clang: error: argument to '-V' is missing (expected 1 value)
clang: error: no input files
configure:3030: $? = 1
configure:3033: checking whether we are using the GNU C++ compiler
configure:3057: /home/xingxingpan/work/emscripten/latest/emscripten/em++ -c   conftest.cc >&5
configure:3063: $? = 0
configure:3066: test -z 			 || test ! -s conftest.err
configure:3069: $? = 0
configure:3072: test -s conftest.o
configure:3075: $? = 0
configure:3088: result: yes
configure:3094: checking whether /home/xingxingpan/work/emscripten/latest/emscripten/em++ accepts -g
configure:3115: /home/xingxingpan/work/emscripten/latest/emscripten/em++ -c -g  conftest.cc >&5
configure:3121: $? = 0
configure:3124: test -z 			 || test ! -s conftest.err
configure:3127: $? = 0
configure:3130: test -s conftest.o
configure:3133: $? = 0
configure:3144: result: yes
configure:3186: /home/xingxingpan/work/emscripten/latest/emscripten/em++ -c -g -O2  conftest.cc >&5
configure:3192: $? = 0
configure:3195: test -z 			 || test ! -s conftest.err
configure:3198: $? = 0
configure:3201: test -s conftest.o
configure:3204: $? = 0
configure:3230: /home/xingxingpan/work/emscripten/latest/emscripten/em++ -c -g -O2  conftest.cc >&5
conftest.cc:15:1: error: use of undeclared identifier 'exit'
exit (42);
^
1 error generated.
configure:3236: $? = 1
configure: failed program was:
| /* confdefs.h.  */
| 
| #define PACKAGE_NAME "SuperTux"
| #define PACKAGE_TARNAME "supertux"
| #define PACKAGE_VERSION "0.1.3"
| #define PACKAGE_STRING "SuperTux 0.1.3"
| #define PACKAGE_BUGREPORT ""
| #define PACKAGE "supertux"
| #define VERSION "0.1.3"
| /* end confdefs.h.  */
| 
| int
| main ()
| {
| exit (42);
|   ;
|   return 0;
| }
configure:3186: /home/xingxingpan/work/emscripten/latest/emscripten/em++ -c -g -O2  conftest.cc >&5
conftest.cc:11:17: error: use of undeclared identifier 'std'
extern "C" void std::exit (int) throw (); using std::exit;
                ^
conftest.cc:11:49: error: use of undeclared identifier 'std'
extern "C" void std::exit (int) throw (); using std::exit;
                                                ^
2 errors generated.
configure:3192: $? = 1
configure: failed program was:
| /* confdefs.h.  */
| 
| #define PACKAGE_NAME "SuperTux"
| #define PACKAGE_TARNAME "supertux"
| #define PACKAGE_VERSION "0.1.3"
| #define PACKAGE_STRING "SuperTux 0.1.3"
| #define PACKAGE_BUGREPORT ""
| #define PACKAGE "supertux"
| #define VERSION "0.1.3"
| /* end confdefs.h.  */
| extern "C" void std::exit (int) throw (); using std::exit;
| #include <stdlib.h>
| int
| main ()
| {
| exit (42);
|   ;
|   return 0;
| }
configure:3186: /home/xingxingpan/work/emscripten/latest/emscripten/em++ -c -g -O2  conftest.cc >&5
conftest.cc:11:17: error: use of undeclared identifier 'std'
extern "C" void std::exit (int); using std::exit;
                ^
conftest.cc:11:40: error: use of undeclared identifier 'std'
extern "C" void std::exit (int); using std::exit;
                                       ^
2 errors generated.
configure:3192: $? = 1
configure: failed program was:
| /* confdefs.h.  */
| 
| #define PACKAGE_NAME "SuperTux"
| #define PACKAGE_TARNAME "supertux"
| #define PACKAGE_VERSION "0.1.3"
| #define PACKAGE_STRING "SuperTux 0.1.3"
| #define PACKAGE_BUGREPORT ""
| #define PACKAGE "supertux"
| #define VERSION "0.1.3"
| /* end confdefs.h.  */
| extern "C" void std::exit (int); using std::exit;
| #include <stdlib.h>
| int
| main ()
| {
| exit (42);
|   ;
|   return 0;
| }
configure:3186: /home/xingxingpan/work/emscripten/latest/emscripten/em++ -c -g -O2  conftest.cc >&5
configure:3192: $? = 0
configure:3195: test -z 			 || test ! -s conftest.err
configure:3198: $? = 0
configure:3201: test -s conftest.o
configure:3204: $? = 0
configure:3230: /home/xingxingpan/work/emscripten/latest/emscripten/em++ -c -g -O2  conftest.cc >&5
configure:3236: $? = 0
configure:3239: test -z 			 || test ! -s conftest.err
configure:3242: $? = 0
configure:3245: test -s conftest.o
configure:3248: $? = 0
configure:3273: checking dependency style of /home/xingxingpan/work/emscripten/latest/emscripten/em++
configure:3356: result: gcc3
configure:3386: checking for a BSD-compatible install
configure:3441: result: /usr/bin/install -c
configure:3462: checking for dirent.h that defines DIR
configure:3486: /home/xingxingpan/work/emscripten/latest/emscripten/emcc -c   conftest.c >&5
clang: warning: argument unused during compilation: '-nostdinc++'
configure:3492: $? = 0
configure:3495: test -z 			 || test ! -s conftest.err
configure:3498: $? = 0
configure:3501: test -s conftest.o
configure:3504: $? = 0
configure:3515: result: yes
configure:3528: checking for library containing opendir
configure:3558: /home/xingxingpan/work/emscripten/latest/emscripten/emcc -o conftest    conftest.c  >&5
clang: warning: argument unused during compilation: '-nostdinc++'
configure:3564: $? = 0
configure:3567: test -z 			 || test ! -s conftest.err
configure:3570: $? = 0
configure:3573: test -s conftest
configure:3576: $? = 0
configure:3645: result: none required
configure:3784: checking how to run the C preprocessor
configure:3819: /home/xingxingpan/work/emscripten/latest/emscripten/emcc -E  conftest.c
clang: warning: argument unused during compilation: '-nostdinc++'
configure:3825: $? = 0
configure:3857: /home/xingxingpan/work/emscripten/latest/emscripten/emcc -E  conftest.c
clang: warning: argument unused during compilation: '-nostdinc++'
conftest.c:15:10: fatal error: 'ac_nonexistent.h' file not found
#include <ac_nonexistent.h>
         ^
1 error generated.
configure:3863: $? = 1
configure: failed program was:
| /* confdefs.h.  */
| 
| #define PACKAGE_NAME "SuperTux"
| #define PACKAGE_TARNAME "supertux"
| #define PACKAGE_VERSION "0.1.3"
| #define PACKAGE_STRING "SuperTux 0.1.3"
| #define PACKAGE_BUGREPORT ""
| #define PACKAGE "supertux"
| #define VERSION "0.1.3"
| #ifdef __cplusplus
| extern "C" void exit (int) throw ();
| #endif
| #define HAVE_DIRENT_H 1
| /* end confdefs.h.  */
| #include <ac_nonexistent.h>
configure:3902: result: /home/xingxingpan/work/emscripten/latest/emscripten/emcc -E
configure:3926: /home/xingxingpan/work/emscripten/latest/emscripten/emcc -E  conftest.c
clang: warning: argument unused during compilation: '-nostdinc++'
configure:3932: $? = 0
configure:3964: /home/xingxingpan/work/emscripten/latest/emscripten/emcc -E  conftest.c
clang: warning: argument unused during compilation: '-nostdinc++'
conftest.c:15:10: fatal error: 'ac_nonexistent.h' file not found
#include <ac_nonexistent.h>
         ^
1 error generated.
configure:3970: $? = 1
configure: failed program was:
| /* confdefs.h.  */
| 
| #define PACKAGE_NAME "SuperTux"
| #define PACKAGE_TARNAME "supertux"
| #define PACKAGE_VERSION "0.1.3"
| #define PACKAGE_STRING "SuperTux 0.1.3"
| #define PACKAGE_BUGREPORT ""
| #define PACKAGE "supertux"
| #define VERSION "0.1.3"
| #ifdef __cplusplus
| extern "C" void exit (int) throw ();
| #endif
| #define HAVE_DIRENT_H 1
| /* end confdefs.h.  */
| #include <ac_nonexistent.h>
configure:4014: checking for egrep
configure:4024: result: grep -E
configure:4029: checking for ANSI C header files
configure:4054: /home/xingxingpan/work/emscripten/latest/emscripten/emcc -c   conftest.c >&5
clang: warning: argument unused during compilation: '-nostdinc++'
configure:4060: $? = 0
configure:4063: test -z 			 || test ! -s conftest.err
configure:4066: $? = 0
configure:4069: test -s conftest.o
configure:4072: $? = 0
clang: warning: argument unused during compilation: '-nostdinc++'
clang: warning: argument unused during compilation: '-nostdinc++'
configure:4161: /home/xingxingpan/work/emscripten/latest/emscripten/emcc -o conftest    conftest.c  >&5
clang: warning: argument unused during compilation: '-nostdinc++'
conftest.c:32:7: warning: implicitly declaring C library function 'exit' with type 'void (int) __attribute__((noreturn))'
      exit(2);
      ^
conftest.c:32:7: note: please include the header <stdlib.h> or explicitly provide a declaration for 'exit'
1 warning generated.
configure:4164: $? = 0
configure:4166: ./conftest
configure:4169: $? = 0
configure:4184: result: yes
configure:4208: checking for sys/types.h
configure:4224: /home/xingxingpan/work/emscripten/latest/emscripten/emcc -c   conftest.c >&5
clang: warning: argument unused during compilation: '-nostdinc++'
configure:4230: $? = 0
configure:4233: test -z 			 || test ! -s conftest.err
configure:4236: $? = 0
configure:4239: test -s conftest.o
configure:4242: $? = 0
configure:4253: result: yes
configure:4208: checking for sys/stat.h
configure:4224: /home/xingxingpan/work/emscripten/latest/emscripten/emcc -c   conftest.c >&5
clang: warning: argument unused during compilation: '-nostdinc++'
configure:4230: $? = 0
configure:4233: test -z 			 || test ! -s conftest.err
configure:4236: $? = 0
configure:4239: test -s conftest.o
configure:4242: $? = 0
configure:4253: result: yes
configure:4208: checking for stdlib.h
configure:4224: /home/xingxingpan/work/emscripten/latest/emscripten/emcc -c   conftest.c >&5
clang: warning: argument unused during compilation: '-nostdinc++'
configure:4230: $? = 0
configure:4233: test -z 			 || test ! -s conftest.err
configure:4236: $? = 0
configure:4239: test -s conftest.o
configure:4242: $? = 0
configure:4253: result: yes
configure:4208: checking for string.h
configure:4224: /home/xingxingpan/work/emscripten/latest/emscripten/emcc -c   conftest.c >&5
clang: warning: argument unused during compilation: '-nostdinc++'
configure:4230: $? = 0
configure:4233: test -z 			 || test ! -s conftest.err
configure:4236: $? = 0
configure:4239: test -s conftest.o
configure:4242: $? = 0
configure:4253: result: yes
configure:4208: checking for memory.h
configure:4224: /home/xingxingpan/work/emscripten/latest/emscripten/emcc -c   conftest.c >&5
clang: warning: argument unused during compilation: '-nostdinc++'
configure:4230: $? = 0
configure:4233: test -z 			 || test ! -s conftest.err
configure:4236: $? = 0
configure:4239: test -s conftest.o
configure:4242: $? = 0
configure:4253: result: yes
configure:4208: checking for strings.h
configure:4224: /home/xingxingpan/work/emscripten/latest/emscripten/emcc -c   conftest.c >&5
clang: warning: argument unused during compilation: '-nostdinc++'
configure:4230: $? = 0
configure:4233: test -z 			 || test ! -s conftest.err
configure:4236: $? = 0
configure:4239: test -s conftest.o
configure:4242: $? = 0
configure:4253: result: yes
configure:4208: checking for inttypes.h
configure:4224: /home/xingxingpan/work/emscripten/latest/emscripten/emcc -c   conftest.c >&5
clang: warning: argument unused during compilation: '-nostdinc++'
configure:4230: $? = 0
configure:4233: test -z 			 || test ! -s conftest.err
configure:4236: $? = 0
configure:4239: test -s conftest.o
configure:4242: $? = 0
configure:4253: result: yes
configure:4208: checking for stdint.h
configure:4224: /home/xingxingpan/work/emscripten/latest/emscripten/emcc -c   conftest.c >&5
clang: warning: argument unused during compilation: '-nostdinc++'
configure:4230: $? = 0
configure:4233: test -z 			 || test ! -s conftest.err
configure:4236: $? = 0
configure:4239: test -s conftest.o
configure:4242: $? = 0
configure:4253: result: yes
configure:4208: checking for unistd.h
configure:4224: /home/xingxingpan/work/emscripten/latest/emscripten/emcc -c   conftest.c >&5
clang: warning: argument unused during compilation: '-nostdinc++'
configure:4230: $? = 0
configure:4233: test -z 			 || test ! -s conftest.err
configure:4236: $? = 0
configure:4239: test -s conftest.o
configure:4242: $? = 0
configure:4253: result: yes
configure:4270: checking for unistd.h
configure:4275: result: yes
configure:4415: checking for an ANSI C-conforming const
configure:4482: /home/xingxingpan/work/emscripten/latest/emscripten/emcc -c   conftest.c >&5
clang: warning: argument unused during compilation: '-nostdinc++'
configure:4488: $? = 0
configure:4491: test -z 			 || test ! -s conftest.err
configure:4494: $? = 0
configure:4497: test -s conftest.o
configure:4500: $? = 0
configure:4511: result: yes
configure:4523: checking for gprof mode
configure:4537: result: disabled
configure:4541: checking for debug mode
configure:4555: result: disabled
configure:4559: checking wether OpenGL should be used
configure:4572: result: no
configure:4617: checking for sdl-config
configure:4635: found /home/emscripten/bin/sdl-config
configure:4648: result: /home/emscripten/bin/sdl-config
configure:4656: checking for SDL - version >= 1.2.4
configure:4772: result: yes
configure:4873: checking for Mix_OpenAudio in -lSDL_mixer
configure:4903: /home/xingxingpan/work/emscripten/latest/emscripten/emcc -o conftest  -D_GNU_SOURCE=1 -D_REENTRANT   conftest.c -lSDL_mixer   -lSDL >&5
clang: warning: argument unused during compilation: '-nostdinc++'
configure:4909: $? = 0
configure:4912: test -z 			 || test ! -s conftest.err
configure:4915: $? = 0
configure:4918: test -s conftest
configure:4921: $? = 0
configure:4934: result: yes
configure:4951: checking for IMG_Load in -lSDL_image
configure:4981: /home/xingxingpan/work/emscripten/latest/emscripten/emcc -o conftest  -D_GNU_SOURCE=1 -D_REENTRANT   conftest.c -lSDL_image  -lSDL_mixer  -lSDL >&5
clang: warning: argument unused during compilation: '-nostdinc++'
configure:4987: $? = 0
configure:4990: test -z 			 || test ! -s conftest.err
configure:4993: $? = 0
configure:4996: test -s conftest
configure:4999: $? = 0
configure:5012: result: yes
configure:6032: checking for gzopen in -lz
configure:6062: /home/xingxingpan/work/emscripten/latest/emscripten/emcc -o conftest  -D_GNU_SOURCE=1 -D_REENTRANT   conftest.c -lz  -lSDL_image -lSDL_mixer  -lSDL >&5
clang: warning: argument unused during compilation: '-nostdinc++'
configure:6068: $? = 0
configure:6071: test -z 			 || test ! -s conftest.err
configure:6074: $? = 0
configure:6077: test -s conftest
configure:6080: $? = 0
configure:6093: result: yes
configure:6117: checking for mkdir
configure:6174: /home/xingxingpan/work/emscripten/latest/emscripten/emcc -o conftest  -D_GNU_SOURCE=1 -D_REENTRANT   conftest.c -lz -lSDL_image -lSDL_mixer  -lSDL >&5
clang: warning: argument unused during compilation: '-nostdinc++'
configure:6180: $? = 0
configure:6183: test -z 			 || test ! -s conftest.err
configure:6186: $? = 0
configure:6189: test -s conftest
configure:6192: $? = 0
configure:6204: result: yes
configure:6117: checking for strdup
configure:6174: /home/xingxingpan/work/emscripten/latest/emscripten/emcc -o conftest  -D_GNU_SOURCE=1 -D_REENTRANT   conftest.c -lz -lSDL_image -lSDL_mixer  -lSDL >&5
clang: warning: argument unused during compilation: '-nostdinc++'
conftest.c:54:6: warning: incompatible redeclaration of library function 'strdup'
char strdup ();
     ^
conftest.c:54:6: note: 'strdup' is a builtin with type 'char *(const char *)'
1 warning generated.
configure:6180: $? = 0
configure:6183: test -z 			 || test ! -s conftest.err
configure:6186: $? = 0
configure:6189: test -s conftest
configure:6192: $? = 0
configure:6204: result: yes
configure:6117: checking for strstr
configure:6174: /home/xingxingpan/work/emscripten/latest/emscripten/emcc -o conftest  -D_GNU_SOURCE=1 -D_REENTRANT   conftest.c -lz -lSDL_image -lSDL_mixer  -lSDL >&5
clang: warning: argument unused during compilation: '-nostdinc++'
conftest.c:55:6: warning: incompatible redeclaration of library function 'strstr'
char strstr ();
     ^
conftest.c:55:6: note: 'strstr' is a builtin with type 'char *(const char *, const char *)'
1 warning generated.
configure:6180: $? = 0
configure:6183: test -z 			 || test ! -s conftest.err
configure:6186: $? = 0
configure:6189: test -s conftest
configure:6192: $? = 0
configure:6204: result: yes
configure:6363: creating ./config.status

## ---------------------- ##
## Running config.status. ##
## ---------------------- ##

This file was extended by SuperTux config.status 0.1.3, which was
generated by GNU Autoconf 2.59.  Invocation command line was

  CONFIG_FILES    = 
  CONFIG_HEADERS  = 
  CONFIG_LINKS    = 
  CONFIG_COMMANDS = 
  $ ./config.status 

on iLaptop

config.status:746: creating Makefile
config.status:746: creating src/Makefile
config.status:746: creating data/Makefile
config.status:891: executing depfiles commands

## ---------------- ##
## Cache variables. ##
## ---------------- ##

ac_cv_build=i686-pc-linux-gnu
ac_cv_build_alias=i686-pc-linux-gnu
ac_cv_c_compiler_gnu=yes
ac_cv_c_const=yes
ac_cv_cxx_compiler_gnu=yes
ac_cv_env_CC_set=set
ac_cv_env_CC_value=/home/xingxingpan/work/emscripten/latest/emscripten/emcc
ac_cv_env_CFLAGS_set=set
ac_cv_env_CFLAGS_value=
ac_cv_env_CPPFLAGS_set=
ac_cv_env_CPPFLAGS_value=
ac_cv_env_CPP_set=
ac_cv_env_CPP_value=
ac_cv_env_CXXFLAGS_set=
ac_cv_env_CXXFLAGS_value=
ac_cv_env_CXX_set=set
ac_cv_env_CXX_value=/home/xingxingpan/work/emscripten/latest/emscripten/em++
ac_cv_env_LDFLAGS_set=
ac_cv_env_LDFLAGS_value=
ac_cv_env_build_alias_set=
ac_cv_env_build_alias_value=
ac_cv_env_host_alias_set=
ac_cv_env_host_alias_value=
ac_cv_env_target_alias_set=
ac_cv_env_target_alias_value=
ac_cv_exeext=
ac_cv_func_mkdir=yes
ac_cv_func_strdup=yes
ac_cv_func_strstr=yes
ac_cv_header_dirent_dirent_h=yes
ac_cv_header_inttypes_h=yes
ac_cv_header_memory_h=yes
ac_cv_header_stdc=yes
ac_cv_header_stdint_h=yes
ac_cv_header_stdlib_h=yes
ac_cv_header_string_h=yes
ac_cv_header_strings_h=yes
ac_cv_header_sys_stat_h=yes
ac_cv_header_sys_types_h=yes
ac_cv_header_unistd_h=yes
ac_cv_host=i686-pc-linux-gnu
ac_cv_host_alias=i686-pc-linux-gnu
ac_cv_lib_SDL_image_IMG_Load=yes
ac_cv_lib_SDL_mixer_Mix_OpenAudio=yes
ac_cv_lib_z_gzopen=yes
ac_cv_objext=o
ac_cv_path_SDL_CONFIG=/home/emscripten/bin/sdl-config
ac_cv_path_install='/usr/bin/install -c'
ac_cv_prog_AWK=gawk
ac_cv_prog_CPP='/home/xingxingpan/work/emscripten/latest/emscripten/emcc -E'
ac_cv_prog_ac_ct_CC=/home/xingxingpan/work/emscripten/latest/emscripten/emcc
ac_cv_prog_cc_g=yes
ac_cv_prog_cc_stdc=
ac_cv_prog_cxx_g=yes
ac_cv_prog_egrep='grep -E'
ac_cv_prog_make_make_set=yes
ac_cv_search_opendir='none required'
ac_cv_target=i686-pc-linux-gnu
ac_cv_target_alias=i686-pc-linux-gnu
am_cv_CC_dependencies_compiler_type=gcc3
am_cv_CXX_dependencies_compiler_type=gcc3

## ----------------- ##
## Output variables. ##
## ----------------- ##

ACLOCAL='${SHELL} /home/xingxingpan/work/emscripten/WebSupertux/missing --run aclocal-1.7'
AMDEPBACKSLASH='\'
AMDEP_FALSE='#'
AMDEP_TRUE=''
AMTAR='${SHELL} /home/xingxingpan/work/emscripten/WebSupertux/missing --run tar'
AUTOCONF='${SHELL} /home/xingxingpan/work/emscripten/WebSupertux/missing --run autoconf'
AUTOHEADER='${SHELL} /home/xingxingpan/work/emscripten/WebSupertux/missing --run autoheader'
AUTOMAKE='${SHELL} /home/xingxingpan/work/emscripten/WebSupertux/missing --run automake-1.7'
AWK='gawk'
CC='/home/xingxingpan/work/emscripten/latest/emscripten/emcc'
CCDEPMODE='depmode=gcc3'
CFLAGS=' -D_GNU_SOURCE=1 -D_REENTRANT'
CPP='/home/xingxingpan/work/emscripten/latest/emscripten/emcc -E'
CPPFLAGS=''
CXX='/home/xingxingpan/work/emscripten/latest/emscripten/em++'
CXXDEPMODE='depmode=gcc3'
CXXFLAGS='-g -O2 -D_GNU_SOURCE=1 -D_REENTRANT -DNOOPENGL -DDATA_PREFIX='"${prefix}/share/supertux"''
CYGPATH_W='echo'
DEFS='-DPACKAGE_NAME=\"SuperTux\" -DPACKAGE_TARNAME=\"supertux\" -DPACKAGE_VERSION=\"0.1.3\" -DPACKAGE_STRING=\"SuperTux\ 0.1.3\" -DPACKAGE_BUGREPORT=\"\" -DPACKAGE=\"supertux\" -DVERSION=\"0.1.3\" -DHAVE_DIRENT_H=1 -DSTDC_HEADERS=1 -DHAVE_SYS_TYPES_H=1 -DHAVE_SYS_STAT_H=1 -DHAVE_STDLIB_H=1 -DHAVE_STRING_H=1 -DHAVE_MEMORY_H=1 -DHAVE_STRINGS_H=1 -DHAVE_INTTYPES_H=1 -DHAVE_STDINT_H=1 -DHAVE_UNISTD_H=1 -DHAVE_UNISTD_H=1 -DHAVE_LIBSDL_MIXER=1 -DHAVE_LIBSDL_IMAGE=1 -DHAVE_LIBZ=1 -DHAVE_MKDIR=1 -DHAVE_STRDUP=1 -DHAVE_STRSTR=1 '
DEPDIR='.deps'
ECHO_C=''
ECHO_N='-n'
ECHO_T=''
EGREP='grep -E'
EXEEXT=''
GL_CFLAGS=''
GL_LIBS=''
INSTALL_DATA='${INSTALL} -m 644'
INSTALL_PROGRAM='${INSTALL}'
INSTALL_SCRIPT='${INSTALL}'
INSTALL_STRIP_PROGRAM='${SHELL} $(install_sh) -c -s'
LDFLAGS=''
LIBOBJS=''
LIBS='-lz -lSDL_image -lSDL_mixer  -lSDL'
LTLIBOBJS=''
MAKEINFO='${SHELL} /home/xingxingpan/work/emscripten/WebSupertux/missing --run makeinfo'
OBJEXT='o'
PACKAGE='supertux'
PACKAGE_BUGREPORT=''
PACKAGE_NAME='SuperTux'
PACKAGE_STRING='SuperTux 0.1.3'
PACKAGE_TARNAME='supertux'
PACKAGE_VERSION='0.1.3'
PATH_SEPARATOR=':'
PTHREAD_CC=''
PTHREAD_CFLAGS=''
PTHREAD_LIBS=''
SDL_CFLAGS='-D_GNU_SOURCE=1 -D_REENTRANT'
SDL_CONFIG='/home/emscripten/bin/sdl-config'
SDL_LIBS='-lSDL'
SET_MAKE=''
SHELL='/bin/bash'
STRIP=''
VERSION='0.1.3'
ac_ct_CC='/home/xingxingpan/work/emscripten/latest/emscripten/emcc'
ac_ct_CXX=''
ac_ct_STRIP=''
acx_pthread_config=''
am__fastdepCC_FALSE='#'
am__fastdepCC_TRUE=''
am__fastdepCXX_FALSE='#'
am__fastdepCXX_TRUE=''
am__include='include'
am__leading_dot='.'
am__quote=''
bindir='${exec_prefix}/bin'
build='i686-pc-linux-gnu'
build_alias=''
build_cpu='i686'
build_os='linux-gnu'
build_vendor='pc'
datadir='${prefix}/share'
exec_prefix='${prefix}'
host='i686-pc-linux-gnu'
host_alias=''
host_cpu='i686'
host_os='linux-gnu'
host_vendor='pc'
includedir='${prefix}/include'
infodir='${prefix}/info'
install_sh='/home/xingxingpan/work/emscripten/WebSupertux/install-sh'
libdir='${exec_prefix}/lib'
libexecdir='${exec_prefix}/libexec'
localstatedir='${prefix}/var'
mandir='${prefix}/man'
oldincludedir='/usr/include'
prefix='/home/emscripten'
program_transform_name='s,x,x,'
sbindir='${exec_prefix}/sbin'
sharedstatedir='${prefix}/com'
sysconfdir='${prefix}/etc'
target='i686-pc-linux-gnu'
target_alias=''
target_cpu='i686'
target_os='linux-gnu'
target_vendor='pc'

## ----------- ##
## confdefs.h. ##
## ----------- ##

#define HAVE_DIRENT_H 1
#define HAVE_INTTYPES_H 1
#define HAVE_LIBSDL_IMAGE 1
#define HAVE_LIBSDL_MIXER 1
#define HAVE_LIBZ 1
#define HAVE_MEMORY_H 1
#define HAVE_MKDIR 1
#define HAVE_STDINT_H 1
#define HAVE_STDLIB_H 1
#define HAVE_STRDUP 1
#define HAVE_STRINGS_H 1
#define HAVE_STRING_H 1
#define HAVE_STRSTR 1
#define HAVE_SYS_STAT_H 1
#define HAVE_SYS_TYPES_H 1
#define HAVE_UNISTD_H 1
#define HAVE_UNISTD_H 1
#define PACKAGE "supertux"
#define PACKAGE_BUGREPORT ""
#define PACKAGE_NAME "SuperTux"
#define PACKAGE_STRING "SuperTux 0.1.3"
#define PACKAGE_TARNAME "supertux"
#define PACKAGE_VERSION "0.1.3"
#define STDC_HEADERS 1
#define VERSION "0.1.3"
#endif
#ifdef __cplusplus
extern "C" void exit (int) throw ();

configure: exit 0
