checking build system type... i686-pc-linux-gnu
checking host system type... i686-pc-linux-gnu
checking target system type... i686-pc-linux-gnu
checking for a BSD-compatible install... /usr/bin/install -c
checking whether build environment is sane... yes
checking for gawk... gawk
checking whether make sets $(MAKE)... yes
checking for gcc... /home/xingxingpan/work/emscripten/latest/emscripten/emcc
checking for C compiler default output file name... a.out
checking whether the C compiler works... yes
checking whether we are cross compiling... no
checking for suffix of executables... 
checking for suffix of object files... o
checking whether we are using the GNU C compiler... yes
checking whether /home/xingxingpan/work/emscripten/latest/emscripten/emcc accepts -g... yes
checking for /home/xingxingpan/work/emscripten/latest/emscripten/emcc option to accept ANSI C... none needed
checking for style of include used by make... GNU
checking dependency style of /home/xingxingpan/work/emscripten/latest/emscripten/emcc... gcc3
checking whether we are using the GNU C++ compiler... yes
checking whether /home/xingxingpan/work/emscripten/latest/emscripten/em++ accepts -g... yes
checking dependency style of /home/xingxingpan/work/emscripten/latest/emscripten/em++... gcc3
checking for a BSD-compatible install... /usr/bin/install -c
checking for dirent.h that defines DIR... yes
checking for library containing opendir... none required
checking how to run the C preprocessor... /home/xingxingpan/work/emscripten/latest/emscripten/emcc -E
checking for egrep... grep -E
checking for ANSI C header files... yes
checking for sys/types.h... yes
checking for sys/stat.h... yes
checking for stdlib.h... yes
checking for string.h... yes
checking for memory.h... yes
checking for strings.h... yes
checking for inttypes.h... yes
checking for stdint.h... yes
checking for unistd.h... yes
checking for unistd.h... (cached) yes
checking for an ANSI C-conforming const... yes
checking for gprof mode... disabled
checking for debug mode... disabled
checking wether OpenGL should be used... no
checking for sdl-config... /home/emscripten/bin/sdl-config
checking for SDL - version >= 1.2.4... yes
checking for Mix_OpenAudio in -lSDL_mixer... yes
checking for IMG_Load in -lSDL_image... yes
checking for gzopen in -lz... yes
checking for mkdir... yes
checking for strdup... yes
checking for strstr... yes
configure: creating ./config.status
config.status: creating Makefile
config.status: creating src/Makefile
config.status: creating data/Makefile
config.status: executing depfiles commands

Features:
=========
 Profile Mode:   no
 Debug Mode:     no
 OpenGL Support: no

